        -:    0:Source:F:/CUFE/SBME 2022/First Term/Data Structure/Implementations/Queue Using Circular Array/main.cpp
        -:    0:Graph:F:\CUFE\SBME 2022\First Term\Data Structure\Implementations\Queue Using Circular Array\cmake-build-debug-coverage\CMakeFiles\Queue_Using_Circular_Array.dir\main.cpp.gcno
        -:    0:Data:F:\CUFE\SBME 2022\First Term\Data Structure\Implementations\Queue Using Circular Array\cmake-build-debug-coverage\CMakeFiles\Queue_Using_Circular_Array.dir\main.cpp.gcda
        -:    0:Runs:1
        -:    1:#include <iostream>
        -:    2:#include <string>
        -:    3:using namespace std;
        -:    4:
function main called 1 returned 100% blocks executed 100%
        1:    5:int main() {
        1:    6:    cout<<"Hello, World!"<<endl;
        1:    6-block  0
call    0 returned 1
call    1 returned 1
        1:    7:    return 0;
        -:    8:}
